# JRE version: OpenJDK Runtime Environment Temurin-21.0.8+9 (21.0.8+9) (build 21.0.8+9-LTS)
# Java VM: OpenJDK 64-Bit Server VM Temurin-21.0.8+9 (21.0.8+9-LTS, mixed mode, sharing, tiered, compressed oops, compressed class ptrs, parallel gc, windows-amd64)
GC Precious Log:
 CardTable entry size: 512
 CPUs: 4 total, 4 available
 Memory: 8064M
 Large Page Support: Disabled
 NUMA Support: Disabled
 Compressed Oops: Enabled (32-bit)
 Alignments: Space 512K, Generation 512K, Heap 2M
 Heap Min Capacity: 100M
 Heap Initial Capacity: 100M
 Heap Max Capacity: 2G
 Pre-touch: Disabled
 Parallel Workers: 4
Heap:
 PSYoungGen      total 9728K, used 8159K [0x00000000d5580000, 0x00000000d6e80000, 0x0000000100000000)
  eden space 5120K, 69% used [0x00000000d5580000,0x00000000d58fde50,0x00000000d5a80000)
  from space 4608K, 99% used [0x00000000d5b80000,0x00000000d5ffa000,0x00000000d6000000)
  to   space 10240K, 0% used [0x00000000d6480000,0x00000000d6480000,0x00000000d6e80000)
 ParOldGen       total 1052672K, used 1052616K [0x0000000080000000, 0x00000000c0400000, 0x00000000d5580000)
  object space 1052672K, 99% used [0x0000000080000000,0x00000000c03f2380,0x00000000c0400000)
 Metaspace       used 72942K, committed 74624K, reserved 1179648K
  class space    used 7822K, committed 8512K, reserved 1048576K
GC Heap History (20 events):
Event: 87856.228 GC heap before
{Heap before GC invocations=771 (full 3):
 PSYoungGen      total 9728K, used 9632K [0x00000000d5580000, 0x00000000d6380000, 0x0000000100000000)
  eden space 6144K, 100% used [0x00000000d5580000,0x00000000d5b80000,0x00000000d5b80000)
  from space 3584K, 97% used [0x00000000d5d80000,0x00000000d60e8000,0x00000000d6100000)
  to   space 2560K, 0% used [0x00000000d6100000,0x00000000d6100000,0x00000000d6380000)
 ParOldGen       total 984064K, used 982925K [0x0000000080000000, 0x00000000bc100000, 0x00000000d5580000)
  object space 984064K, 99% used [0x0000000080000000,0x00000000bbfe3400,0x00000000bc100000)
 Metaspace       used 72781K, committed 74368K, reserved 1179648K
  class space    used 7814K, committed 8512K, reserved 1048576K
}
Event: 87856.236 GC heap after
{Heap after GC invocations=771 (full 3):
 PSYoungGen      total 7680K, used 1055K [0x00000000d5580000, 0x00000000d6280000, 0x0000000100000000)
  eden space 6144K, 0% used [0x00000000d5580000,0x00000000d5580000,0x00000000d5b80000)
  from space 1536K, 68% used [0x00000000d6100000,0x00000000d6207da0,0x00000000d6280000)
  to   space 2048K, 0% used [0x00000000d5e80000,0x00000000d5e80000,0x00000000d6080000)
 ParOldGen       total 986624K, used 986325K [0x0000000080000000, 0x00000000bc380000, 0x00000000d5580000)
  object space 986624K, 99% used [0x0000000080000000,0x00000000bc335400,0x00000000bc380000)
 Metaspace       used 72781K, committed 74368K, reserved 1179648K
  class space    used 7814K, committed 8512K, reserved 1048576K
}
Event: 87856.256 GC heap before
{Heap before GC invocations=772 (full 3):
 PSYoungGen      total 7680K, used 7199K [0x00000000d5580000, 0x00000000d6280000, 0x0000000100000000)
  eden space 6144K, 100% used [0x00000000d5580000,0x00000000d5b80000,0x00000000d5b80000)
  from space 1536K, 68% used [0x00000000d6100000,0x00000000d6207da0,0x00000000d6280000)
  to   space 2048K, 0% used [0x00000000d5e80000,0x00000000d5e80000,0x00000000d6080000)
 ParOldGen       total 986624K, used 986325K [0x0000000080000000, 0x00000000bc380000, 0x00000000d5580000)
  object space 986624K, 99% used [0x0000000080000000,0x00000000bc335400,0x00000000bc380000)
 Metaspace       used 72781K, committed 74368K, reserved 1179648K
  class space    used 7814K, committed 8512K, reserved 1048576K
}
Event: 87856.264 GC heap after
{Heap after GC invocations=772 (full 3):
 PSYoungGen      total 8192K, used 2048K [0x00000000d5580000, 0x00000000d6b80000, 0x0000000100000000)
  eden space 6144K, 0% used [0x00000000d5580000,0x00000000d5580000,0x00000000d5b80000)
  from space 2048K, 100% used [0x00000000d5e80000,0x00000000d6080000,0x00000000d6080000)
  to   space 8192K, 0% used [0x00000000d6380000,0x00000000d6380000,0x00000000d6b80000)
 ParOldGen       total 991744K, used 991396K [0x0000000080000000, 0x00000000bc880000, 0x00000000d5580000)
  object space 991744K, 99% used [0x0000000080000000,0x00000000bc8291b0,0x00000000bc880000)
 Metaspace       used 72781K, committed 74368K, reserved 1179648K
  class space    used 7814K, committed 8512K, reserved 1048576K
}
Event: 87856.324 GC heap before
{Heap before GC invocations=773 (full 3):
 PSYoungGen      total 8192K, used 8192K [0x00000000d5580000, 0x00000000d6b80000, 0x0000000100000000)
  eden space 6144K, 100% used [0x00000000d5580000,0x00000000d5b80000,0x00000000d5b80000)
  from space 2048K, 100% used [0x00000000d5e80000,0x00000000d6080000,0x00000000d6080000)
  to   space 8192K, 0% used [0x00000000d6380000,0x00000000d6380000,0x00000000d6b80000)
 ParOldGen       total 991744K, used 991396K [0x0000000080000000, 0x00000000bc880000, 0x00000000d5580000)
  object space 991744K, 99% used [0x0000000080000000,0x00000000bc8291b0,0x00000000bc880000)
 Metaspace       used 72781K, committed 74368K, reserved 1179648K
  class space    used 7814K, committed 8512K, reserved 1048576K
}
Event: 87856.334 GC heap after
{Heap after GC invocations=773 (full 3):
 PSYoungGen      total 11776K, used 5392K [0x00000000d5580000, 0x00000000d6900000, 0x0000000100000000)
  eden space 6144K, 0% used [0x00000000d5580000,0x00000000d5580000,0x00000000d5b80000)
  from space 5632K, 95% used [0x00000000d6380000,0x00000000d68c4000,0x00000000d6900000)
  to   space 6144K, 0% used [0x00000000d5d00000,0x00000000d5d00000,0x00000000d6300000)
 ParOldGen       total 993792K, used 993468K [0x0000000080000000, 0x00000000bca80000, 0x00000000d5580000)
  object space 993792K, 99% used [0x0000000080000000,0x00000000bca2f1b0,0x00000000bca80000)
 Metaspace       used 72781K, committed 74368K, reserved 1179648K
  class space    used 7814K, committed 8512K, reserved 1048576K
}
Event: 87856.615 GC heap before
{Heap before GC invocations=774 (full 3):
 PSYoungGen      total 11776K, used 11536K [0x00000000d5580000, 0x00000000d6900000, 0x0000000100000000)
  eden space 6144K, 100% used [0x00000000d5580000,0x00000000d5b80000,0x00000000d5b80000)
  from space 5632K, 95% used [0x00000000d6380000,0x00000000d68c4000,0x00000000d6900000)
  to   space 6144K, 0% used [0x00000000d5d00000,0x00000000d5d00000,0x00000000d6300000)
 ParOldGen       total 993792K, used 993468K [0x0000000080000000, 0x00000000bca80000, 0x00000000d5580000)
  object space 993792K, 99% used [0x0000000080000000,0x00000000bca2f1b0,0x00000000bca80000)
 Metaspace       used 72781K, committed 74368K, reserved 1179648K
  class space    used 7814K, committed 8512K, reserved 1048576K
}
Event: 87856.626 GC heap after
{Heap after GC invocations=774 (full 3):
 PSYoungGen      total 12288K, used 6069K [0x00000000d5580000, 0x00000000d6880000, 0x0000000100000000)
  eden space 6144K, 0% used [0x00000000d5580000,0x00000000d5580000,0x00000000d5b80000)
  from space 6144K, 98% used [0x00000000d5d00000,0x00000000d62ed610,0x00000000d6300000)
  to   space 5632K, 0% used [0x00000000d6300000,0x00000000d6300000,0x00000000d6880000)
 ParOldGen       total 998400K, used 998044K [0x0000000080000000, 0x00000000bcf00000, 0x00000000d5580000)
  object space 998400K, 99% used [0x0000000080000000,0x00000000bcea71b0,0x00000000bcf00000)
 Metaspace       used 72781K, committed 74368K, reserved 1179648K
  class space    used 7814K, committed 8512K, reserved 1048576K
}
Event: 87942.799 GC heap before
{Heap before GC invocations=775 (full 3):
 PSYoungGen      total 12288K, used 12202K [0x00000000d5580000, 0x00000000d6880000, 0x0000000100000000)
  eden space 6144K, 99% used [0x00000000d5580000,0x00000000d5b7d500,0x00000000d5b80000)
  from space 6144K, 98% used [0x00000000d5d00000,0x00000000d62ed610,0x00000000d6300000)
  to   space 5632K, 0% used [0x00000000d6300000,0x00000000d6300000,0x00000000d6880000)
 ParOldGen       total 998400K, used 998044K [0x0000000080000000, 0x00000000bcf00000, 0x00000000d5580000)
  object space 998400K, 99% used [0x0000000080000000,0x00000000bcea71b0,0x00000000bcf00000)
 Metaspace       used 72805K, committed 74496K, reserved 1179648K
  class space    used 7814K, committed 8512K, reserved 1048576K
}
Event: 87942.809 GC heap after
{Heap after GC invocations=775 (full 3):
 PSYoungGen      total 9728K, used 3184K [0x00000000d5580000, 0x00000000d6680000, 0x0000000100000000)
  eden space 6144K, 0% used [0x00000000d5580000,0x00000000d5580000,0x00000000d5b80000)
  from space 3584K, 88% used [0x00000000d6300000,0x00000000d661c2f8,0x00000000d6680000)
  to   space 4608K, 0% used [0x00000000d5d80000,0x00000000d5d80000,0x00000000d6200000)
 ParOldGen       total 1003008K, used 1002980K [0x0000000080000000, 0x00000000bd380000, 0x00000000d5580000)
  object space 1003008K, 99% used [0x0000000080000000,0x00000000bd3791b0,0x00000000bd380000)
 Metaspace       used 72805K, committed 74496K, reserved 1179648K
  class space    used 7814K, committed 8512K, reserved 1048576K
}
Event: 87944.306 GC heap before
{Heap before GC invocations=776 (full 3):
 PSYoungGen      total 9728K, used 9122K [0x00000000d5580000, 0x00000000d6680000, 0x0000000100000000)
  eden space 6144K, 96% used [0x00000000d5580000,0x00000000d5b4c8d0,0x00000000d5b80000)
  from space 3584K, 88% used [0x00000000d6300000,0x00000000d661c2f8,0x00000000d6680000)
  to   space 4608K, 0% used [0x00000000d5d80000,0x00000000d5d80000,0x00000000d6200000)
 ParOldGen       total 1034752K, used 1033700K [0x0000000080000000, 0x00000000bf280000, 0x00000000d5580000)
  object space 1034752K, 99% used [0x0000000080000000,0x00000000bf1791e0,0x00000000bf280000)
 Metaspace       used 72894K, committed 74560K, reserved 1179648K
  class space    used 7822K, committed 8512K, reserved 1048576K
}
Event: 87944.312 GC heap after
{Heap after GC invocations=776 (full 3):
 PSYoungGen      total 10752K, used 224K [0x00000000d5580000, 0x00000000d6380000, 0x0000000100000000)
  eden space 6144K, 0% used [0x00000000d5580000,0x00000000d5580000,0x00000000d5b80000)
  from space 4608K, 4% used [0x00000000d5d80000,0x00000000d5db8020,0x00000000d6200000)
  to   space 1536K, 0% used [0x00000000d6200000,0x00000000d6200000,0x00000000d6380000)
 ParOldGen       total 1036800K, used 1036564K [0x0000000080000000, 0x00000000bf480000, 0x00000000d5580000)
  object space 1036800K, 99% used [0x0000000080000000,0x00000000bf445200,0x00000000bf480000)
 Metaspace       used 72894K, committed 74560K, reserved 1179648K
  class space    used 7822K, committed 8512K, reserved 1048576K
}
Event: 87944.335 GC heap before
{Heap before GC invocations=777 (full 3):
 PSYoungGen      total 10752K, used 6368K [0x00000000d5580000, 0x00000000d6380000, 0x0000000100000000)
  eden space 6144K, 100% used [0x00000000d5580000,0x00000000d5b80000,0x00000000d5b80000)
  from space 4608K, 4% used [0x00000000d5d80000,0x00000000d5db8020,0x00000000d6200000)
  to   space 1536K, 0% used [0x00000000d6200000,0x00000000d6200000,0x00000000d6380000)
 ParOldGen       total 1036800K, used 1036564K [0x0000000080000000, 0x00000000bf480000, 0x00000000d5580000)
  object space 1036800K, 99% used [0x0000000080000000,0x00000000bf445200,0x00000000bf480000)
 Metaspace       used 72894K, committed 74560K, reserved 1179648K
  class space    used 7822K, committed 8512K, reserved 1048576K
}
Event: 87944.343 GC heap after
{Heap after GC invocations=777 (full 3):
 PSYoungGen      total 6656K, used 1535K [0x00000000d5580000, 0x00000000d6a80000, 0x0000000100000000)
  eden space 5120K, 0% used [0x00000000d5580000,0x00000000d5580000,0x00000000d5a80000)
  from space 1536K, 99% used [0x00000000d6200000,0x00000000d637fda0,0x00000000d6380000)
  to   space 7680K, 0% used [0x00000000d5a80000,0x00000000d5a80000,0x00000000d6200000)
 ParOldGen       total 1041408K, used 1041332K [0x0000000080000000, 0x00000000bf900000, 0x00000000d5580000)
  object space 1041408K, 99% used [0x0000000080000000,0x00000000bf8ed230,0x00000000bf900000)
 Metaspace       used 72894K, committed 74560K, reserved 1179648K
  class space    used 7822K, committed 8512K, reserved 1048576K
}
Event: 87944.370 GC heap before
{Heap before GC invocations=778 (full 3):
 PSYoungGen      total 6656K, used 6640K [0x00000000d5580000, 0x00000000d6a80000, 0x0000000100000000)
  eden space 5120K, 99% used [0x00000000d5580000,0x00000000d5a7c610,0x00000000d5a80000)
  from space 1536K, 99% used [0x00000000d6200000,0x00000000d637fda0,0x00000000d6380000)
  to   space 7680K, 0% used [0x00000000d5a80000,0x00000000d5a80000,0x00000000d6200000)
 ParOldGen       total 1041408K, used 1041332K [0x0000000080000000, 0x00000000bf900000, 0x00000000d5580000)
  object space 1041408K, 99% used [0x0000000080000000,0x00000000bf8ed230,0x00000000bf900000)
 Metaspace       used 72894K, committed 74560K, reserved 1179648K
  class space    used 7822K, committed 8512K, reserved 1048576K
}
Event: 87944.378 GC heap after
{Heap after GC invocations=778 (full 3):
 PSYoungGen      total 10240K, used 4904K [0x00000000d5580000, 0x00000000d6580000, 0x0000000100000000)
  eden space 5120K, 0% used [0x00000000d5580000,0x00000000d5580000,0x00000000d5a80000)
  from space 5120K, 95% used [0x00000000d5a80000,0x00000000d5f4a000,0x00000000d5f80000)
  to   space 5632K, 0% used [0x00000000d6000000,0x00000000d6000000,0x00000000d6580000)
 ParOldGen       total 1043968K, used 1043755K [0x0000000080000000, 0x00000000bfb80000, 0x00000000d5580000)
  object space 1043968K, 99% used [0x0000000080000000,0x00000000bfb4ad70,0x00000000bfb80000)
 Metaspace       used 72894K, committed 74560K, reserved 1179648K
  class space    used 7822K, committed 8512K, reserved 1048576K
}
Event: 87944.532 GC heap before
{Heap before GC invocations=779 (full 3):
 PSYoungGen      total 10240K, used 10024K [0x00000000d5580000, 0x00000000d6580000, 0x0000000100000000)
  eden space 5120K, 100% used [0x00000000d5580000,0x00000000d5a80000,0x00000000d5a80000)
  from space 5120K, 95% used [0x00000000d5a80000,0x00000000d5f4a000,0x00000000d5f80000)
  to   space 5632K, 0% used [0x00000000d6000000,0x00000000d6000000,0x00000000d6580000)
 ParOldGen       total 1043968K, used 1043755K [0x0000000080000000, 0x00000000bfb80000, 0x00000000d5580000)
  object space 1043968K, 99% used [0x0000000080000000,0x00000000bfb4ad70,0x00000000bfb80000)
 Metaspace       used 72894K, committed 74560K, reserved 1179648K
  class space    used 7822K, committed 8512K, reserved 1048576K
}
Event: 87944.543 GC heap after
{Heap after GC invocations=779 (full 3):
 PSYoungGen      total 9728K, used 4149K [0x00000000d5580000, 0x00000000d6480000, 0x0000000100000000)
  eden space 5120K, 0% used [0x00000000d5580000,0x00000000d5580000,0x00000000d5a80000)
  from space 4608K, 90% used [0x00000000d6000000,0x00000000d640d610,0x00000000d6480000)
  to   space 4608K, 0% used [0x00000000d5b80000,0x00000000d5b80000,0x00000000d6000000)
 ParOldGen       total 1048576K, used 1048235K [0x0000000080000000, 0x00000000c0000000, 0x00000000d5580000)
  object space 1048576K, 99% used [0x0000000080000000,0x00000000bffaad70,0x00000000c0000000)
 Metaspace       used 72894K, committed 74560K, reserved 1179648K
  class space    used 7822K, committed 8512K, reserved 1048576K
}
Event: 87944.601 GC heap before
{Heap before GC invocations=780 (full 3):
 PSYoungGen      total 9728K, used 9224K [0x00000000d5580000, 0x00000000d6480000, 0x0000000100000000)
  eden space 5120K, 99% used [0x00000000d5580000,0x00000000d5a74dc0,0x00000000d5a80000)
  from space 4608K, 90% used [0x00000000d6000000,0x00000000d640d610,0x00000000d6480000)
  to   space 4608K, 0% used [0x00000000d5b80000,0x00000000d5b80000,0x00000000d6000000)
 ParOldGen       total 1048576K, used 1048235K [0x0000000080000000, 0x00000000c0000000, 0x00000000d5580000)
  object space 1048576K, 99% used [0x0000000080000000,0x00000000bffaad70,0x00000000c0000000)
 Metaspace       used 72894K, committed 74560K, reserved 1179648K
  class space    used 7822K, committed 8512K, reserved 1048576K
}
Event: 87944.611 GC heap after
{Heap after GC invocations=780 (full 3):
 PSYoungGen      total 9728K, used 4584K [0x00000000d5580000, 0x00000000d6e80000, 0x0000000100000000)
  eden space 5120K, 0% used [0x00000000d5580000,0x00000000d5580000,0x00000000d5a80000)
  from space 4608K, 99% used [0x00000000d5b80000,0x00000000d5ffa000,0x00000000d6000000)
  to   space 10240K, 0% used [0x00000000d6480000,0x00000000d6480000,0x00000000d6e80000)
 ParOldGen       total 1052672K, used 1052616K [0x0000000080000000, 0x00000000c0400000, 0x00000000d5580000)
  object space 1052672K, 99% used [0x0000000080000000,0x00000000c03f2380,0x00000000c0400000)
 Metaspace       used 72894K, committed 74560K, reserved 1179648K
  class space    used 7822K, committed 8512K, reserved 1048576K
}

